2021-01-06T15:18:04+00:00 CRITICAL Uncaught Error: Call to a member function have_posts() on null in /var/www/html/wp-content/themes/greeny-theme/components/blog-list.php:24
Stack trace:
#0 /var/www/html/wp-includes/template.php(732): require()
#1 /var/www/html/wp-includes/template.php(676): load_template('/var/www/html/w...', false, Array)
#2 /var/www/html/wp-includes/general-template.php(204): locate_template(Array, true, false, Array)
#3 /var/www/html/wp-content/themes/greeny-theme/page-blog.php(21): get_template_part('components/blog', 'list')
#4 /var/www/html/wp-includes/template-loader.php(106): include('/var/www/html/w...')
#5 /var/www/html/wp-blog-header.php(19): require_once('/var/www/html/w...')
#6 /var/www/html/index.php(17): require('/var/www/html/w...')
#7 {main}
  thrown in /var/www/html/wp-content/themes/greeny-theme/components/blog-list.php on line 24

2021-01-06T15:18:29+00:00 CRITICAL Uncaught Error: Call to a member function have_posts() on null in /var/www/html/wp-content/themes/greeny-theme/components/blog-list.php:26
Stack trace:
#0 /var/www/html/wp-includes/template.php(732): require()
#1 /var/www/html/wp-includes/template.php(676): load_template('/var/www/html/w...', false, Array)
#2 /var/www/html/wp-includes/general-template.php(204): locate_template(Array, true, false, Array)
#3 /var/www/html/wp-content/themes/greeny-theme/page-blog.php(21): get_template_part('components/blog', 'list')
#4 /var/www/html/wp-includes/template-loader.php(106): include('/var/www/html/w...')
#5 /var/www/html/wp-blog-header.php(19): require_once('/var/www/html/w...')
#6 /var/www/html/index.php(17): require('/var/www/html/w...')
#7 {main}
  thrown in /var/www/html/wp-content/themes/greeny-theme/components/blog-list.php on line 26

2021-01-06T15:18:35+00:00 CRITICAL Uncaught Error: Call to a member function have_posts() on null in /var/www/html/wp-content/themes/greeny-theme/components/blog-list.php:25
Stack trace:
#0 /var/www/html/wp-includes/template.php(732): require()
#1 /var/www/html/wp-includes/template.php(676): load_template('/var/www/html/w...', false, Array)
#2 /var/www/html/wp-includes/general-template.php(204): locate_template(Array, true, false, Array)
#3 /var/www/html/wp-content/themes/greeny-theme/page-blog.php(21): get_template_part('components/blog', 'list')
#4 /var/www/html/wp-includes/template-loader.php(106): include('/var/www/html/w...')
#5 /var/www/html/wp-blog-header.php(19): require_once('/var/www/html/w...')
#6 /var/www/html/index.php(17): require('/var/www/html/w...')
#7 {main}
  thrown in /var/www/html/wp-content/themes/greeny-theme/components/blog-list.php on line 25

2021-01-06T15:20:49+00:00 CRITICAL Uncaught Error: Call to a member function have_posts() on null in /var/www/html/wp-content/themes/greeny-theme/components/blog-list.php:25
Stack trace:
#0 /var/www/html/wp-includes/template.php(732): require()
#1 /var/www/html/wp-includes/template.php(676): load_template('/var/www/html/w...', false, Array)
#2 /var/www/html/wp-includes/general-template.php(204): locate_template(Array, true, false, Array)
#3 /var/www/html/wp-content/themes/greeny-theme/page-blog.php(21): get_template_part('components/blog', 'list')
#4 /var/www/html/wp-includes/template-loader.php(106): include('/var/www/html/w...')
#5 /var/www/html/wp-blog-header.php(19): require_once('/var/www/html/w...')
#6 /var/www/html/index.php(17): require('/var/www/html/w...')
#7 {main}
  thrown in /var/www/html/wp-content/themes/greeny-theme/components/blog-list.php on line 25

