2021-01-07T14:14:58+00:00 CRITICAL syntax error, unexpected '' (T_ENCAPSED_AND_WHITESPACE), expecting '-' or identifier (T_STRING) or variable (T_VARIABLE) or number (T_NUM_STRING) in /var/www/html/wp-content/themes/greeny-theme/woocommerce/single-product.php on line 77

2021-01-07T16:03:15+00:00 CRITICAL #!trpst#trp-gettext data-trpgettextoriginal=71#!trpen#Uncaught ArgumentCountError: Too few arguments to function add_shortcode(), 1 passed in /var/www/html/wp-content/themes/greeny-theme/components/mobile-menu.php on line 41 and exactly 2 expected in /var/www/html/wp-includes/shortcodes.php:63
Stack trace:
#0 /var/www/html/wp-content/themes/greeny-theme/components/mobile-menu.php(41): add_shortcode('[language-switc...')
#1 /var/www/html/wp-includes/template.php(732): require('/var/www/html/w...')
#2 /var/www/html/wp-includes/template.php(676): load_template('/var/www/html/w...', false, Array)
#3 /var/www/html/wp-includes/general-template.php(204): locate_template(Array, true, false, Array)
#4 /var/www/html/wp-content/themes/greeny-theme/footer.php(2): get_template_part('components/mobi...')
#5 /var/www/html/wp-includes/template.php(730): require_once('/var/www/html/w...')
#6 /var/www/html/wp-includes/template.php(676): load_template('/var/www/html/w...', true, Array)
#7 /var/www/html/wp-includes/general-template.php(92): locate_template(Array, true, true, Array) i /var/www/html/wp-includes/shortcodes.php på linje 63#!trpst#/trp-gettext#!trpen#

2021-01-07T16:03:26+00:00 CRITICAL #!trpst#trp-gettext data-trpgettextoriginal=71#!trpen#Uncaught ArgumentCountError: Too few arguments to function add_shortcode(), 1 passed in /var/www/html/wp-content/themes/greeny-theme/components/mobile-menu.php on line 41 and exactly 2 expected in /var/www/html/wp-includes/shortcodes.php:63
Stack trace:
#0 /var/www/html/wp-content/themes/greeny-theme/components/mobile-menu.php(41): add_shortcode('[language-switc...')
#1 /var/www/html/wp-includes/template.php(732): require('/var/www/html/w...')
#2 /var/www/html/wp-includes/template.php(676): load_template('/var/www/html/w...', false, Array)
#3 /var/www/html/wp-includes/general-template.php(204): locate_template(Array, true, false, Array)
#4 /var/www/html/wp-content/themes/greeny-theme/footer.php(2): get_template_part('components/mobi...')
#5 /var/www/html/wp-includes/template.php(730): require_once('/var/www/html/w...')
#6 /var/www/html/wp-includes/template.php(676): load_template('/var/www/html/w...', true, Array)
#7 /var/www/html/wp-includes/general-template.php(92): locate_template(Array, true, true, Array) i /var/www/html/wp-includes/shortcodes.php på linje 63#!trpst#/trp-gettext#!trpen#

