2021-01-18T18:02:18+00:00 CRITICAL syntax error, unexpected '}' in /var/www/html/wp-content/themes/greeny-theme/components/partials/product-single.php on line 8

2021-01-18T18:02:51+00:00 CRITICAL syntax error, unexpected ';', expecting ')' in /var/www/html/wp-content/themes/greeny-theme/components/partials/product-single.php on line 7

2021-01-18T19:25:37+00:00 CRITICAL Uncaught Error: Call to undefined function get_variation_price() in /var/www/html/wp-content/themes/greeny-theme/components/partials/product-single.php:40
Stack trace:
#0 /var/www/html/wp-includes/template.php(732): require()
#1 /var/www/html/wp-includes/template.php(676): load_template('/var/www/html/w...', false, Array)
#2 /var/www/html/wp-includes/general-template.php(204): locate_template(Array, true, false, Array)
#3 /var/www/html/wp-content/themes/greeny-theme/components/products-list.php(25): get_template_part('components/part...', 'single', Array)
#4 /var/www/html/wp-includes/template.php(732): require('/var/www/html/w...')
#5 /var/www/html/wp-includes/template.php(676): load_template('/var/www/html/w...', false, Array)
#6 /var/www/html/wp-includes/general-template.php(204): locate_template(Array, true, false, Array)
#7 /var/www/html/wp-content/themes/greeny-theme/woocommerce/archive-product.php(14): get_template_part('components/prod...', 'list')
#8 /var/www/html/wp-includes/template-loader.php(106): in /var/www/html/wp-content/themes/greeny-theme/components/partials/product-single.php on line 40

2021-01-18T19:25:42+00:00 CRITICAL Uncaught Error: Call to undefined function get_variation_price() in /var/www/html/wp-content/themes/greeny-theme/components/partials/product-single.php:40
Stack trace:
#0 /var/www/html/wp-includes/template.php(732): require()
#1 /var/www/html/wp-includes/template.php(676): load_template('/var/www/html/w...', false, Array)
#2 /var/www/html/wp-includes/general-template.php(204): locate_template(Array, true, false, Array)
#3 /var/www/html/wp-content/themes/greeny-theme/components/products-list.php(25): get_template_part('components/part...', 'single', Array)
#4 /var/www/html/wp-includes/template.php(732): require('/var/www/html/w...')
#5 /var/www/html/wp-includes/template.php(676): load_template('/var/www/html/w...', false, Array)
#6 /var/www/html/wp-includes/general-template.php(204): locate_template(Array, true, false, Array)
#7 /var/www/html/wp-content/themes/greeny-theme/woocommerce/archive-product.php(14): get_template_part('components/prod...', 'list')
#8 /var/www/html/wp-includes/template-loader.php(106): in /var/www/html/wp-content/themes/greeny-theme/components/partials/product-single.php on line 40

2021-01-18T19:25:50+00:00 CRITICAL Uncaught Error: Call to undefined function get_variation_price() in /var/www/html/wp-content/themes/greeny-theme/components/partials/product-single.php:40
Stack trace:
#0 /var/www/html/wp-includes/template.php(732): require()
#1 /var/www/html/wp-includes/template.php(676): load_template('/var/www/html/w...', false, Array)
#2 /var/www/html/wp-includes/general-template.php(204): locate_template(Array, true, false, Array)
#3 /var/www/html/wp-content/themes/greeny-theme/components/products-list.php(25): get_template_part('components/part...', 'single', Array)
#4 /var/www/html/wp-includes/template.php(732): require('/var/www/html/w...')
#5 /var/www/html/wp-includes/template.php(676): load_template('/var/www/html/w...', false, Array)
#6 /var/www/html/wp-includes/general-template.php(204): locate_template(Array, true, false, Array)
#7 /var/www/html/wp-content/themes/greeny-theme/woocommerce/archive-product.php(14): get_template_part('components/prod...', 'list')
#8 /var/www/html/wp-includes/template-loader.php(106): in /var/www/html/wp-content/themes/greeny-theme/components/partials/product-single.php on line 40

2021-01-18T20:50:43+00:00 CRITICAL Uncaught Error: Call to undefined function dump_var() in /var/www/html/wp-content/themes/greeny-theme/components/single-product-showcase.php:24
Stack trace:
#0 /var/www/html/wp-includes/template.php(732): require()
#1 /var/www/html/wp-includes/template.php(676): load_template('/var/www/html/w...', false, Array)
#2 /var/www/html/wp-includes/general-template.php(204): locate_template(Array, true, false, Array)
#3 /var/www/html/wp-content/themes/greeny-theme/woocommerce/single-product.php(15): get_template_part('components/sing...', '', Array)
#4 /var/www/html/wp-includes/template-loader.php(106): include('/var/www/html/w...')
#5 /var/www/html/wp-blog-header.php(19): require_once('/var/www/html/w...')
#6 /var/www/html/index.php(17): require('/var/www/html/w...')
#7 {main}
  thrown in /var/www/html/wp-content/themes/greeny-theme/components/single-product-showcase.php on line 24

2021-01-18T20:55:00+00:00 CRITICAL Uncaught Error: Call to a member function product() on null in /var/www/html/wp-content/themes/greeny-theme/components/single-product-showcase.php:21
Stack trace:
#0 /var/www/html/wp-includes/template.php(732): require()
#1 /var/www/html/wp-includes/template.php(676): load_template('/var/www/html/w...', false, Array)
#2 /var/www/html/wp-includes/general-template.php(204): locate_template(Array, true, false, Array)
#3 /var/www/html/wp-content/themes/greeny-theme/woocommerce/single-product.php(15): get_template_part('components/sing...', '', Array)
#4 /var/www/html/wp-includes/template-loader.php(106): include('/var/www/html/w...')
#5 /var/www/html/wp-blog-header.php(19): require_once('/var/www/html/w...')
#6 /var/www/html/index.php(17): require('/var/www/html/w...')
#7 {main}
  thrown in /var/www/html/wp-content/themes/greeny-theme/components/single-product-showcase.php on line 21

2021-01-18T20:56:46+00:00 CRITICAL Uncaught Error: Call to a member function get_available_variations() on null in /var/www/html/wp-content/themes/greeny-theme/components/single-product-showcase.php:26
Stack trace:
#0 /var/www/html/wp-includes/template.php(732): require()
#1 /var/www/html/wp-includes/template.php(676): load_template('/var/www/html/w...', false, Array)
#2 /var/www/html/wp-includes/general-template.php(204): locate_template(Array, true, false, Array)
#3 /var/www/html/wp-content/themes/greeny-theme/woocommerce/single-product.php(15): get_template_part('components/sing...', '', Array)
#4 /var/www/html/wp-includes/template-loader.php(106): include('/var/www/html/w...')
#5 /var/www/html/wp-blog-header.php(19): require_once('/var/www/html/w...')
#6 /var/www/html/index.php(17): require('/var/www/html/w...')
#7 {main}
  thrown in /var/www/html/wp-content/themes/greeny-theme/components/single-product-showcase.php on line 26

2021-01-18T20:57:02+00:00 CRITICAL Uncaught Error: Call to a member function get_available_variations() on null in /var/www/html/wp-content/themes/greeny-theme/components/single-product-showcase.php:26
Stack trace:
#0 /var/www/html/wp-includes/template.php(732): require()
#1 /var/www/html/wp-includes/template.php(676): load_template('/var/www/html/w...', false, Array)
#2 /var/www/html/wp-includes/general-template.php(204): locate_template(Array, true, false, Array)
#3 /var/www/html/wp-content/themes/greeny-theme/woocommerce/single-product.php(15): get_template_part('components/sing...', '', Array)
#4 /var/www/html/wp-includes/template-loader.php(106): include('/var/www/html/w...')
#5 /var/www/html/wp-blog-header.php(19): require_once('/var/www/html/w...')
#6 /var/www/html/index.php(17): require('/var/www/html/w...')
#7 {main}
  thrown in /var/www/html/wp-content/themes/greeny-theme/components/single-product-showcase.php on line 26

2021-01-18T20:57:23+00:00 CRITICAL Uncaught Error: Call to a member function get_available_variations() on null in /var/www/html/wp-content/themes/greeny-theme/components/single-product-showcase.php:26
Stack trace:
#0 /var/www/html/wp-includes/template.php(732): require()
#1 /var/www/html/wp-includes/template.php(676): load_template('/var/www/html/w...', false, Array)
#2 /var/www/html/wp-includes/general-template.php(204): locate_template(Array, true, false, Array)
#3 /var/www/html/wp-content/themes/greeny-theme/woocommerce/single-product.php(15): get_template_part('components/sing...', '', Array)
#4 /var/www/html/wp-includes/template-loader.php(106): include('/var/www/html/w...')
#5 /var/www/html/wp-blog-header.php(19): require_once('/var/www/html/w...')
#6 /var/www/html/index.php(17): require('/var/www/html/w...')
#7 {main}
  thrown in /var/www/html/wp-content/themes/greeny-theme/components/single-product-showcase.php on line 26

2021-01-18T21:10:53+00:00 CRITICAL Uncaught Error: Call to a member function get_sale_price() on array in /var/www/html/wp-content/themes/greeny-theme/components/single-product-showcase.php:28
Stack trace:
#0 /var/www/html/wp-includes/template.php(732): require()
#1 /var/www/html/wp-includes/template.php(676): load_template('/var/www/html/w...', false, Array)
#2 /var/www/html/wp-includes/general-template.php(204): locate_template(Array, true, false, Array)
#3 /var/www/html/wp-content/themes/greeny-theme/woocommerce/single-product.php(15): get_template_part('components/sing...', '', Array)
#4 /var/www/html/wp-includes/template-loader.php(106): include('/var/www/html/w...')
#5 /var/www/html/wp-blog-header.php(19): require_once('/var/www/html/w...')
#6 /var/www/html/index.php(17): require('/var/www/html/w...')
#7 {main}
  thrown in /var/www/html/wp-content/themes/greeny-theme/components/single-product-showcase.php on line 28

2021-01-18T21:12:28+00:00 CRITICAL Uncaught Error: Call to a member function get_sale_price() on array in /var/www/html/wp-content/themes/greeny-theme/components/single-product-showcase.php:23
Stack trace:
#0 /var/www/html/wp-includes/template.php(732): require()
#1 /var/www/html/wp-includes/template.php(676): load_template('/var/www/html/w...', false, Array)
#2 /var/www/html/wp-includes/general-template.php(204): locate_template(Array, true, false, Array)
#3 /var/www/html/wp-content/themes/greeny-theme/woocommerce/single-product.php(15): get_template_part('components/sing...', '', Array)
#4 /var/www/html/wp-includes/template-loader.php(106): include('/var/www/html/w...')
#5 /var/www/html/wp-blog-header.php(19): require_once('/var/www/html/w...')
#6 /var/www/html/index.php(17): require('/var/www/html/w...')
#7 {main}
  thrown in /var/www/html/wp-content/themes/greeny-theme/components/single-product-showcase.php on line 23

