2020-12-10T12:22:21+00:00 CRITICAL Uncaught Error: Call to undefined function wp_template_part() in /var/www/html/wp-content/themes/greeny-theme/front-page.php:14
Stack trace:
#0 /var/www/html/wp-includes/template-loader.php(106): include()
#1 /var/www/html/wp-blog-header.php(19): require_once('/var/www/html/w...')
#2 /var/www/html/index.php(17): require('/var/www/html/w...')
#3 {main}
  thrown in /var/www/html/wp-content/themes/greeny-theme/front-page.php on line 14

2020-12-10T12:22:33+00:00 CRITICAL Uncaught Error: Call to undefined function wp_template_part() in /var/www/html/wp-content/themes/greeny-theme/front-page.php:14
Stack trace:
#0 /var/www/html/wp-includes/template-loader.php(106): include()
#1 /var/www/html/wp-blog-header.php(19): require_once('/var/www/html/w...')
#2 /var/www/html/index.php(17): require('/var/www/html/w...')
#3 {main}
  thrown in /var/www/html/wp-content/themes/greeny-theme/front-page.php on line 14

2020-12-10T12:22:40+00:00 CRITICAL Uncaught Error: Call to undefined function wp_template_part() in /var/www/html/wp-content/themes/greeny-theme/front-page.php:14
Stack trace:
#0 /var/www/html/wp-includes/template-loader.php(106): include()
#1 /var/www/html/wp-blog-header.php(19): require_once('/var/www/html/w...')
#2 /var/www/html/index.php(17): require('/var/www/html/w...')
#3 {main}
  thrown in /var/www/html/wp-content/themes/greeny-theme/front-page.php on line 14

2020-12-10T12:23:00+00:00 CRITICAL Uncaught Error: Call to undefined function wp_template_part() in /var/www/html/wp-content/themes/greeny-theme/front-page.php:14
Stack trace:
#0 /var/www/html/wp-includes/template-loader.php(106): include()
#1 /var/www/html/wp-blog-header.php(19): require_once('/var/www/html/w...')
#2 /var/www/html/index.php(17): require('/var/www/html/w...')
#3 {main}
  thrown in /var/www/html/wp-content/themes/greeny-theme/front-page.php on line 14

2020-12-10T12:23:08+00:00 CRITICAL Uncaught Error: Call to undefined function wp_template_part() in /var/www/html/wp-content/themes/greeny-theme/front-page.php:14
Stack trace:
#0 /var/www/html/wp-includes/template-loader.php(106): include()
#1 /var/www/html/wp-blog-header.php(19): require_once('/var/www/html/w...')
#2 /var/www/html/index.php(17): require('/var/www/html/w...')
#3 {main}
  thrown in /var/www/html/wp-content/themes/greeny-theme/front-page.php on line 14

2020-12-10T12:23:11+00:00 CRITICAL Uncaught Error: Call to undefined function wp_template_part() in /var/www/html/wp-content/themes/greeny-theme/front-page.php:14
Stack trace:
#0 /var/www/html/wp-includes/template-loader.php(106): include()
#1 /var/www/html/wp-blog-header.php(19): require_once('/var/www/html/w...')
#2 /var/www/html/index.php(17): require('/var/www/html/w...')
#3 {main}
  thrown in /var/www/html/wp-content/themes/greeny-theme/front-page.php on line 14

2020-12-10T12:23:16+00:00 CRITICAL Uncaught Error: Call to undefined function wp_template_part() in /var/www/html/wp-content/themes/greeny-theme/front-page.php:14
Stack trace:
#0 /var/www/html/wp-includes/template-loader.php(106): include()
#1 /var/www/html/wp-blog-header.php(19): require_once('/var/www/html/w...')
#2 /var/www/html/index.php(17): require('/var/www/html/w...')
#3 {main}
  thrown in /var/www/html/wp-content/themes/greeny-theme/front-page.php on line 14

<<<<<<< HEAD
2020-12-10T12:39:02+00:00 CRITICAL Uncaught Error: Call to a member function get_id() on null in /var/www/html/wp-content/themes/greeny-theme/components/partials/product-single.php:12
Stack trace:
#0 /var/www/html/wp-includes/template.php(732): require()
#1 /var/www/html/wp-includes/template.php(676): load_template('/var/www/html/w...', false, Array)
#2 /var/www/html/wp-includes/general-template.php(204): locate_template(Array, true, false, Array)
#3 /var/www/html/wp-content/themes/greeny-theme/components/products-featured.php(33): get_template_part('components/part...', 'single')
#4 /var/www/html/wp-includes/template.php(732): require('/var/www/html/w...')
#5 /var/www/html/wp-includes/template.php(676): load_template('/var/www/html/w...', false, Array)
#6 /var/www/html/wp-includes/general-template.php(204): locate_template(Array, true, false, Array)
#7 /var/www/html/wp-content/themes/greeny-theme/front-page.php(11): get_template_part('components/prod...', 'featured')
#8 /var/www/html/wp-includes/template-loader.php(106): include('/var/www/htm in /var/www/html/wp-content/themes/greeny-theme/components/partials/product-single.php on line 12

2020-12-10T12:40:37+00:00 CRITICAL Uncaught Error: Call to a member function get_id() on null in /var/www/html/wp-content/themes/greeny-theme/components/partials/product-single.php:12
Stack trace:
#0 /var/www/html/wp-includes/template.php(732): require()
#1 /var/www/html/wp-includes/template.php(676): load_template('/var/www/html/w...', false, Array)
#2 /var/www/html/wp-includes/general-template.php(204): locate_template(Array, true, false, Array)
#3 /var/www/html/wp-content/themes/greeny-theme/components/products-featured.php(33): get_template_part('components/part...', 'single')
#4 /var/www/html/wp-includes/template.php(732): require('/var/www/html/w...')
#5 /var/www/html/wp-includes/template.php(676): load_template('/var/www/html/w...', false, Array)
#6 /var/www/html/wp-includes/general-template.php(204): locate_template(Array, true, false, Array)
#7 /var/www/html/wp-content/themes/greeny-theme/front-page.php(11): get_template_part('components/prod...', 'featured')
#8 /var/www/html/wp-includes/template-loader.php(106): include('/var/www/htm in /var/www/html/wp-content/themes/greeny-theme/components/partials/product-single.php on line 12

2020-12-10T12:41:08+00:00 CRITICAL Uncaught Error: Call to a member function the_post() on null in /var/www/html/wp-content/themes/greeny-theme/components/partials/product-single.php:2
Stack trace:
#0 /var/www/html/wp-includes/template.php(732): require()
#1 /var/www/html/wp-includes/template.php(676): load_template('/var/www/html/w...', false, Array)
#2 /var/www/html/wp-includes/general-template.php(204): locate_template(Array, true, false, Array)
#3 /var/www/html/wp-content/themes/greeny-theme/components/products-featured.php(29): get_template_part('components/part...', 'single')
#4 /var/www/html/wp-includes/template.php(732): require('/var/www/html/w...')
#5 /var/www/html/wp-includes/template.php(676): load_template('/var/www/html/w...', false, Array)
#6 /var/www/html/wp-includes/general-template.php(204): locate_template(Array, true, false, Array)
#7 /var/www/html/wp-content/themes/greeny-theme/front-page.php(11): get_template_part('components/prod...', 'featured')
#8 /var/www/html/wp-includes/template-loader.php(106): include('/var/www/ht in /var/www/html/wp-content/themes/greeny-theme/components/partials/product-single.php on line 2

2020-12-10T12:51:09+00:00 CRITICAL Uncaught Error: Call to a member function the_post() on null in /var/www/html/wp-content/themes/greeny-theme/components/partials/product-single.php:2
Stack trace:
#0 /var/www/html/wp-includes/template.php(732): require()
#1 /var/www/html/wp-includes/template.php(676): load_template('/var/www/html/w...', false, Object(WC_Product_Simple))
#2 /var/www/html/wp-includes/general-template.php(204): locate_template(Array, true, false, Object(WC_Product_Simple))
#3 /var/www/html/wp-content/themes/greeny-theme/components/products-featured.php(33): get_template_part('components/part...', 'single', Object(WC_Product_Simple))
#4 /var/www/html/wp-includes/template.php(732): require('/var/www/html/w...')
#5 /var/www/html/wp-includes/template.php(676): load_template('/var/www/html/w...', false, Array)
#6 /var/www/html/wp-includes/general-template.php(204): locate_template(Array, true, false, Array)
#7 /var/www/html/wp-content/themes/greeny-theme/front-page.php(11): get_template_part('components/prod...', 'featured')
#8 /var/ in /var/www/html/wp-content/themes/greeny-theme/components/partials/product-single.php on line 2

2020-12-10T12:51:18+00:00 CRITICAL Uncaught Error: Call to a member function the_post() on null in /var/www/html/wp-content/themes/greeny-theme/components/partials/product-single.php:2
Stack trace:
#0 /var/www/html/wp-includes/template.php(732): require()
#1 /var/www/html/wp-includes/template.php(676): load_template('/var/www/html/w...', false, Object(WC_Product_Simple))
#2 /var/www/html/wp-includes/general-template.php(204): locate_template(Array, true, false, Object(WC_Product_Simple))
#3 /var/www/html/wp-content/themes/greeny-theme/components/products-featured.php(33): get_template_part('components/part...', 'single', Object(WC_Product_Simple))
#4 /var/www/html/wp-includes/template.php(732): require('/var/www/html/w...')
#5 /var/www/html/wp-includes/template.php(676): load_template('/var/www/html/w...', false, Array)
#6 /var/www/html/wp-includes/general-template.php(204): locate_template(Array, true, false, Array)
#7 /var/www/html/wp-content/themes/greeny-theme/front-page.php(11): get_template_part('components/prod...', 'featured')
#8 /var/ in /var/www/html/wp-content/themes/greeny-theme/components/partials/product-single.php on line 2

2020-12-10T12:51:48+00:00 CRITICAL Uncaught Error: Call to a member function get_price_html() on null in /var/www/html/wp-content/themes/greeny-theme/components/partials/product-single.php:2
Stack trace:
#0 /var/www/html/wp-includes/template.php(732): require()
#1 /var/www/html/wp-includes/template.php(676): load_template('/var/www/html/w...', false, Object(WC_Product_Simple))
#2 /var/www/html/wp-includes/general-template.php(204): locate_template(Array, true, false, Object(WC_Product_Simple))
#3 /var/www/html/wp-content/themes/greeny-theme/components/products-featured.php(33): get_template_part('components/part...', 'single', Object(WC_Product_Simple))
#4 /var/www/html/wp-includes/template.php(732): require('/var/www/html/w...')
#5 /var/www/html/wp-includes/template.php(676): load_template('/var/www/html/w...', false, Array)
#6 /var/www/html/wp-includes/general-template.php(204): locate_template(Array, true, false, Array)
#7 /var/www/html/wp-content/themes/greeny-theme/front-page.php(11): get_template_part('components/prod...', 'featured')
#8 in /var/www/html/wp-content/themes/greeny-theme/components/partials/product-single.php on line 2

2020-12-10T12:52:04+00:00 CRITICAL Uncaught Error: Call to a member function get_id() on null in /var/www/html/wp-content/themes/greeny-theme/components/partials/product-single.php:16
Stack trace:
#0 /var/www/html/wp-includes/template.php(732): require()
#1 /var/www/html/wp-includes/template.php(676): load_template('/var/www/html/w...', false, Object(WC_Product_Simple))
#2 /var/www/html/wp-includes/general-template.php(204): locate_template(Array, true, false, Object(WC_Product_Simple))
#3 /var/www/html/wp-content/themes/greeny-theme/components/products-featured.php(33): get_template_part('components/part...', 'single', Object(WC_Product_Simple))
#4 /var/www/html/wp-includes/template.php(732): require('/var/www/html/w...')
#5 /var/www/html/wp-includes/template.php(676): load_template('/var/www/html/w...', false, Array)
#6 /var/www/html/wp-includes/general-template.php(204): locate_template(Array, true, false, Array)
#7 /var/www/html/wp-content/themes/greeny-theme/front-page.php(11): get_template_part('components/prod...', 'featured')
#8 /var/w in /var/www/html/wp-content/themes/greeny-theme/components/partials/product-single.php on line 16

2020-12-10T12:52:10+00:00 CRITICAL Uncaught Error: Call to a member function get_id() on null in /var/www/html/wp-content/themes/greeny-theme/components/partials/product-single.php:16
Stack trace:
#0 /var/www/html/wp-includes/template.php(732): require()
#1 /var/www/html/wp-includes/template.php(676): load_template('/var/www/html/w...', false, Object(WC_Product_Simple))
#2 /var/www/html/wp-includes/general-template.php(204): locate_template(Array, true, false, Object(WC_Product_Simple))
#3 /var/www/html/wp-content/themes/greeny-theme/components/products-featured.php(33): get_template_part('components/part...', 'single', Object(WC_Product_Simple))
#4 /var/www/html/wp-includes/template.php(732): require('/var/www/html/w...')
#5 /var/www/html/wp-includes/template.php(676): load_template('/var/www/html/w...', false, Array)
#6 /var/www/html/wp-includes/general-template.php(204): locate_template(Array, true, false, Array)
#7 /var/www/html/wp-content/themes/greeny-theme/front-page.php(11): get_template_part('components/prod...', 'featured')
#8 /var/w in /var/www/html/wp-content/themes/greeny-theme/components/partials/product-single.php on line 16

2020-12-10T12:53:14+00:00 CRITICAL Uncaught Error: Call to a member function get_id() on null in /var/www/html/wp-content/themes/greeny-theme/components/partials/product-single.php:15
Stack trace:
#0 /var/www/html/wp-includes/template.php(732): require()
#1 /var/www/html/wp-includes/template.php(676): load_template('/var/www/html/w...', false, Array)
#2 /var/www/html/wp-includes/general-template.php(204): locate_template(Array, true, false, Array)
#3 /var/www/html/wp-content/themes/greeny-theme/components/products-featured.php(33): get_template_part('components/part...', 'single', Array)
#4 /var/www/html/wp-includes/template.php(732): require('/var/www/html/w...')
#5 /var/www/html/wp-includes/template.php(676): load_template('/var/www/html/w...', false, Array)
#6 /var/www/html/wp-includes/general-template.php(204): locate_template(Array, true, false, Array)
#7 /var/www/html/wp-content/themes/greeny-theme/front-page.php(11): get_template_part('components/prod...', 'featured')
#8 /var/www/html/wp-includes/template-loader.php(106): include('/var/ in /var/www/html/wp-content/themes/greeny-theme/components/partials/product-single.php on line 15

2020-12-10T12:53:45+00:00 CRITICAL Uncaught Error: Call to a member function get_id() on null in /var/www/html/wp-content/themes/greeny-theme/components/partials/product-single.php:15
Stack trace:
#0 /var/www/html/wp-includes/template.php(732): require()
#1 /var/www/html/wp-includes/template.php(676): load_template('/var/www/html/w...', false, Array)
#2 /var/www/html/wp-includes/general-template.php(204): locate_template(Array, true, false, Array)
#3 /var/www/html/wp-content/themes/greeny-theme/components/products-featured.php(31): get_template_part('components/part...', 'single', Array)
#4 /var/www/html/wp-includes/template.php(732): require('/var/www/html/w...')
#5 /var/www/html/wp-includes/template.php(676): load_template('/var/www/html/w...', false, Array)
#6 /var/www/html/wp-includes/general-template.php(204): locate_template(Array, true, false, Array)
#7 /var/www/html/wp-content/themes/greeny-theme/front-page.php(11): get_template_part('components/prod...', 'featured')
#8 /var/www/html/wp-includes/template-loader.php(106): include('/var/ in /var/www/html/wp-content/themes/greeny-theme/components/partials/product-single.php on line 15

=======
>>>>>>> 397c0c3bdf0b53cd125e45bf3aa6ecf3e4e5387c
