2020-12-12T03:07:57+00:00 CRITICAL Uncaught ArgumentCountError: Too few arguments to function wp_get_attachment_image(), 0 passed in /var/www/html/wp-content/themes/greeny-theme/functions.php on line 176 and at least 1 expected in /var/www/html/wp-includes/media.php:1028
Stack trace:
#0 /var/www/html/wp-content/themes/greeny-theme/functions.php(176): wp_get_attachment_image()
#1 /var/www/html/wp-admin/includes/template.php(1389): hhs_repeatable_meta_box_display(Object(WP_Post), Array)
#2 /var/www/html/wp-admin/edit-form-advanced.php(686): do_meta_boxes(Object(WP_Screen), 'normal', Object(WP_Post))
#3 /var/www/html/wp-admin/post.php(206): require('/var/www/html/w...')
#4 {main}
  thrown in /var/www/html/wp-includes/media.php on line 1028

2020-12-12T13:44:37+00:00 CRITICAL syntax error, unexpected 'foreach' (T_FOREACH) in /var/www/html/wp-content/themes/greeny-theme/woocommerce/single-product.php on line 58

2020-12-12T13:48:03+00:00 CRITICAL syntax error, unexpected '}', expecting ';' or ',' in /var/www/html/wp-content/themes/greeny-theme/woocommerce/single-product.php on line 65

2020-12-12T14:28:24+00:00 CRITICAL Cannot redeclare hhs_ingredients_meta_box_display() (previously declared in /var/www/html/wp-content/themes/greeny-theme/functions.php:91) in /var/www/html/wp-content/themes/greeny-theme/functions.php on line 263

2020-12-12T14:29:42+00:00 CRITICAL Cannot redeclare hhs_ingredients_meta_box_display() (previously declared in /var/www/html/wp-content/themes/greeny-theme/functions.php:91) in /var/www/html/wp-content/themes/greeny-theme/functions.php on line 263

2020-12-12T14:29:43+00:00 CRITICAL Cannot redeclare hhs_ingredients_meta_box_display() (previously declared in /var/www/html/wp-content/themes/greeny-theme/functions.php:91) in /var/www/html/wp-content/themes/greeny-theme/functions.php on line 263

2020-12-12T14:29:43+00:00 CRITICAL Cannot redeclare hhs_ingredients_meta_box_display() (previously declared in /var/www/html/wp-content/themes/greeny-theme/functions.php:91) in /var/www/html/wp-content/themes/greeny-theme/functions.php on line 263

2020-12-12T14:31:05+00:00 CRITICAL Cannot redeclare hhs_ingredients_meta_box_display() (previously declared in /var/www/html/wp-content/themes/greeny-theme/functions.php:91) in /var/www/html/wp-content/themes/greeny-theme/functions.php on line 263

2020-12-12T14:31:20+00:00 CRITICAL Cannot redeclare hhs_ingredients_meta_box_display() (previously declared in /var/www/html/wp-content/themes/greeny-theme/functions.php:91) in /var/www/html/wp-content/themes/greeny-theme/functions.php on line 263

2020-12-12T14:31:25+00:00 CRITICAL Cannot redeclare hhs_ingredients_meta_box_display() (previously declared in /var/www/html/wp-content/themes/greeny-theme/functions.php:91) in /var/www/html/wp-content/themes/greeny-theme/functions.php on line 263

2020-12-12T14:31:59+00:00 CRITICAL Cannot redeclare hhs_ingredients_meta_box_display() (previously declared in /var/www/html/wp-content/themes/greeny-theme/functions.php:91) in /var/www/html/wp-content/themes/greeny-theme/functions.php on line 263

2020-12-12T14:57:05+00:00 CRITICAL syntax error, unexpected ':', expecting ']' in /var/www/html/wp-content/themes/greeny-theme/functions.php on line 280

2020-12-12T14:58:05+00:00 CRITICAL syntax error, unexpected ':', expecting ']' in /var/www/html/wp-content/themes/greeny-theme/functions.php on line 280

2020-12-12T15:06:08+00:00 CRITICAL syntax error, unexpected 'as' (T_AS), expecting ';' in /var/www/html/wp-content/themes/greeny-theme/functions.php on line 360

2020-12-12T15:18:26+00:00 CRITICAL syntax error, unexpected '$count' (T_VARIABLE) in /var/www/html/wp-content/themes/greeny-theme/functions.php on line 401

